<?xml version="1.0" encoding="utf-8"?>
<coverage line-rate="0.9954999999999999" branch-rate="0.9848" version="1.9" timestamp="1629156801" lines-covered="223" lines-valid="224" branches-covered="65" branches-valid="66">
  <sources>
    <source>C:\Users\NEENU\Downloads\RazorOverAndUnder\OrderBot\</source>
  </sources>
  <packages>
    <package name="OrderBot" line-rate="0.9954999999999999" branch-rate="0.9848" complexity="77">
      <classes>
        <class name="OrderBot.MealSearch" filename="Models\MealSearch.cs" line-rate="1" branch-rate="1" complexity="6">
          <methods>
            <method name="searchMeal" signature="(Microsoft.Data.Sqlite.SqliteConnection)" line-rate="1" branch-rate="1" complexity="1">
              <lines>
                <line number="23" hits="3" branch="False" />
                <line number="24" hits="3" branch="False" />
                <line number="25" hits="3" branch="False" />
                <line number="26" hits="3" branch="False" />
                <line number="27" hits="3" branch="False" />
              </lines>
            </method>
            <method name="executeSQL" signature="(System.String,Microsoft.Data.Sqlite.SqliteConnection)" line-rate="1" branch-rate="1" complexity="4">
              <lines>
                <line number="30" hits="3" branch="False" />
                <line number="31" hits="3" branch="False" />
                <line number="32" hits="3" branch="False" />
                <line number="33" hits="3" branch="False" />
                <line number="34" hits="3" branch="False" />
                <line number="35" hits="3" branch="False" />
                <line number="36" hits="9" branch="True" condition-coverage="100% (4/4)">
                  <conditions>
                    <condition number="104" type="jump" coverage="100%" />
                    <condition number="93" type="jump" coverage="100%" />
                  </conditions>
                </line>
                <line number="37" hits="6" branch="False" />
                <line number="38" hits="6" branch="False" />
                <line number="39" hits="6" branch="False" />
                <line number="40" hits="6" branch="False" />
                <line number="41" hits="6" branch="False" />
                <line number="42" hits="3" branch="False" />
              </lines>
            </method>
            <method name=".ctor" signature="()" line-rate="1" branch-rate="1" complexity="1">
              <lines>
                <line number="15" hits="18" branch="False" />
                <line number="16" hits="6" branch="False" />
                <line number="17" hits="6" branch="False" />
                <line number="20" hits="18" branch="False" />
              </lines>
            </method>
          </methods>
          <lines>
            <line number="23" hits="3" branch="False" />
            <line number="24" hits="3" branch="False" />
            <line number="25" hits="3" branch="False" />
            <line number="26" hits="3" branch="False" />
            <line number="27" hits="3" branch="False" />
            <line number="30" hits="3" branch="False" />
            <line number="31" hits="3" branch="False" />
            <line number="32" hits="3" branch="False" />
            <line number="33" hits="3" branch="False" />
            <line number="34" hits="3" branch="False" />
            <line number="35" hits="3" branch="False" />
            <line number="36" hits="9" branch="True" condition-coverage="100% (4/4)">
              <conditions>
                <condition number="104" type="jump" coverage="100%" />
                <condition number="93" type="jump" coverage="100%" />
              </conditions>
            </line>
            <line number="37" hits="6" branch="False" />
            <line number="38" hits="6" branch="False" />
            <line number="39" hits="6" branch="False" />
            <line number="40" hits="6" branch="False" />
            <line number="41" hits="6" branch="False" />
            <line number="42" hits="3" branch="False" />
            <line number="15" hits="18" branch="False" />
            <line number="16" hits="6" branch="False" />
            <line number="17" hits="6" branch="False" />
            <line number="20" hits="18" branch="False" />
          </lines>
        </class>
        <class name="OrderBot.Seeder" filename="Models\Seeder.cs" line-rate="1" branch-rate="1" complexity="8">
          <methods>
            <method name="Seed" signature="()" line-rate="1" branch-rate="1" complexity="1">
              <lines>
                <line number="11" hits="1" branch="False" />
                <line number="12" hits="1" branch="False" />
                <line number="13" hits="1" branch="False" />
                <line number="14" hits="1" branch="False" />
                <line number="15" hits="1" branch="False" />
              </lines>
            </method>
            <method name="SeedTables" signature="()" line-rate="1" branch-rate="1" complexity="1">
              <lines>
                <line number="18" hits="1" branch="False" />
                <line number="20" hits="1" branch="False" />
                <line number="21" hits="1" branch="False" />
                <line number="22" hits="1" branch="False" />
                <line number="25" hits="1" branch="False" />
                <line number="26" hits="1" branch="False" />
                <line number="27" hits="1" branch="False" />
                <line number="29" hits="1" branch="False" />
                <line number="30" hits="1" branch="False" />
                <line number="31" hits="1" branch="False" />
                <line number="33" hits="1" branch="False" />
                <line number="35" hits="1" branch="False" />
                <line number="37" hits="1" branch="False" />
                <line number="39" hits="1" branch="False" />
                <line number="40" hits="1" branch="False" />
              </lines>
            </method>
            <method name="SeedMeals" signature="()" line-rate="1" branch-rate="1" complexity="1">
              <lines>
                <line number="43" hits="1" branch="False" />
                <line number="44" hits="1" branch="False" />
                <line number="45" hits="1" branch="False" />
                <line number="46" hits="1" branch="False" />
                <line number="49" hits="1" branch="False" />
                <line number="50" hits="1" branch="False" />
                <line number="51" hits="1" branch="False" />
                <line number="53" hits="1" branch="False" />
                <line number="54" hits="1" branch="False" />
                <line number="56" hits="1" branch="False" />
                <line number="57" hits="1" branch="False" />
                <line number="59" hits="1" branch="False" />
                <line number="60" hits="1" branch="False" />
                <line number="62" hits="1" branch="False" />
                <line number="63" hits="1" branch="False" />
                <line number="65" hits="1" branch="False" />
                <line number="66" hits="1" branch="False" />
                <line number="68" hits="1" branch="False" />
                <line number="69" hits="1" branch="False" />
                <line number="71" hits="1" branch="False" />
                <line number="72" hits="1" branch="False" />
                <line number="73" hits="1" branch="False" />
              </lines>
            </method>
            <method name="SeedStatuses" signature="()" line-rate="1" branch-rate="1" complexity="1">
              <lines>
                <line number="77" hits="1" branch="False" />
                <line number="78" hits="1" branch="False" />
                <line number="79" hits="1" branch="False" />
                <line number="80" hits="1" branch="False" />
                <line number="83" hits="1" branch="False" />
                <line number="84" hits="1" branch="False" />
                <line number="85" hits="1" branch="False" />
                <line number="87" hits="1" branch="False" />
                <line number="88" hits="1" branch="False" />
                <line number="90" hits="1" branch="False" />
                <line number="91" hits="1" branch="False" />
                <line number="93" hits="1" branch="False" />
                <line number="94" hits="1" branch="False" />
                <line number="96" hits="1" branch="False" />
                <line number="97" hits="1" branch="False" />
                <line number="99" hits="1" branch="False" />
                <line number="100" hits="1" branch="False" />
                <line number="102" hits="1" branch="False" />
                <line number="103" hits="1" branch="False" />
                <line number="105" hits="1" branch="False" />
                <line number="106" hits="1" branch="False" />
                <line number="108" hits="1" branch="False" />
                <line number="109" hits="1" branch="False" />
                <line number="111" hits="1" branch="False" />
                <line number="112" hits="1" branch="False" />
                <line number="114" hits="1" branch="False" />
                <line number="115" hits="1" branch="False" />
                <line number="117" hits="1" branch="False" />
                <line number="118" hits="1" branch="False" />
                <line number="120" hits="1" branch="False" />
                <line number="121" hits="1" branch="False" />
                <line number="122" hits="1" branch="False" />
              </lines>
            </method>
            <method name="Display" signature="()" line-rate="1" branch-rate="1" complexity="4">
              <lines>
                <line number="125" hits="1" branch="False" />
                <line number="127" hits="1" branch="False" />
                <line number="128" hits="1" branch="False" />
                <line number="130" hits="1" branch="False" />
                <line number="131" hits="1" branch="False" />
                <line number="133" hits="1" branch="False" />
                <line number="134" hits="1" branch="False" />
                <line number="135" hits="1" branch="False" />
                <line number="136" hits="7" branch="True" condition-coverage="100% (2/2)">
                  <conditions>
                    <condition number="95" type="jump" coverage="100%" />
                  </conditions>
                </line>
                <line number="137" hits="6" branch="False" />
                <line number="138" hits="6" branch="False" />
                <line number="139" hits="6" branch="False" />
                <line number="140" hits="6" branch="False" />
                <line number="141" hits="1" branch="False" />
                <line number="143" hits="1" branch="False" />
                <line number="144" hits="1" branch="False" />
                <line number="145" hits="1" branch="False" />
                <line number="146" hits="12" branch="True" condition-coverage="100% (2/2)">
                  <conditions>
                    <condition number="164" type="jump" coverage="100%" />
                  </conditions>
                </line>
                <line number="147" hits="11" branch="False" />
                <line number="148" hits="11" branch="False" />
                <line number="149" hits="11" branch="False" />
                <line number="150" hits="11" branch="False" />
                <line number="151" hits="1" branch="False" />
                <line number="152" hits="1" branch="False" />
              </lines>
            </method>
          </methods>
          <lines>
            <line number="11" hits="1" branch="False" />
            <line number="12" hits="1" branch="False" />
            <line number="13" hits="1" branch="False" />
            <line number="14" hits="1" branch="False" />
            <line number="15" hits="1" branch="False" />
            <line number="18" hits="1" branch="False" />
            <line number="20" hits="1" branch="False" />
            <line number="21" hits="1" branch="False" />
            <line number="22" hits="1" branch="False" />
            <line number="25" hits="1" branch="False" />
            <line number="26" hits="1" branch="False" />
            <line number="27" hits="1" branch="False" />
            <line number="29" hits="1" branch="False" />
            <line number="30" hits="1" branch="False" />
            <line number="31" hits="1" branch="False" />
            <line number="33" hits="1" branch="False" />
            <line number="35" hits="1" branch="False" />
            <line number="37" hits="1" branch="False" />
            <line number="39" hits="1" branch="False" />
            <line number="40" hits="1" branch="False" />
            <line number="43" hits="1" branch="False" />
            <line number="44" hits="1" branch="False" />
            <line number="45" hits="1" branch="False" />
            <line number="46" hits="1" branch="False" />
            <line number="49" hits="1" branch="False" />
            <line number="50" hits="1" branch="False" />
            <line number="51" hits="1" branch="False" />
            <line number="53" hits="1" branch="False" />
            <line number="54" hits="1" branch="False" />
            <line number="56" hits="1" branch="False" />
            <line number="57" hits="1" branch="False" />
            <line number="59" hits="1" branch="False" />
            <line number="60" hits="1" branch="False" />
            <line number="62" hits="1" branch="False" />
            <line number="63" hits="1" branch="False" />
            <line number="65" hits="1" branch="False" />
            <line number="66" hits="1" branch="False" />
            <line number="68" hits="1" branch="False" />
            <line number="69" hits="1" branch="False" />
            <line number="71" hits="1" branch="False" />
            <line number="72" hits="1" branch="False" />
            <line number="73" hits="1" branch="False" />
            <line number="77" hits="1" branch="False" />
            <line number="78" hits="1" branch="False" />
            <line number="79" hits="1" branch="False" />
            <line number="80" hits="1" branch="False" />
            <line number="83" hits="1" branch="False" />
            <line number="84" hits="1" branch="False" />
            <line number="85" hits="1" branch="False" />
            <line number="87" hits="1" branch="False" />
            <line number="88" hits="1" branch="False" />
            <line number="90" hits="1" branch="False" />
            <line number="91" hits="1" branch="False" />
            <line number="93" hits="1" branch="False" />
            <line number="94" hits="1" branch="False" />
            <line number="96" hits="1" branch="False" />
            <line number="97" hits="1" branch="False" />
            <line number="99" hits="1" branch="False" />
            <line number="100" hits="1" branch="False" />
            <line number="102" hits="1" branch="False" />
            <line number="103" hits="1" branch="False" />
            <line number="105" hits="1" branch="False" />
            <line number="106" hits="1" branch="False" />
            <line number="108" hits="1" branch="False" />
            <line number="109" hits="1" branch="False" />
            <line number="111" hits="1" branch="False" />
            <line number="112" hits="1" branch="False" />
            <line number="114" hits="1" branch="False" />
            <line number="115" hits="1" branch="False" />
            <line number="117" hits="1" branch="False" />
            <line number="118" hits="1" branch="False" />
            <line number="120" hits="1" branch="False" />
            <line number="121" hits="1" branch="False" />
            <line number="122" hits="1" branch="False" />
            <line number="125" hits="1" branch="False" />
            <line number="127" hits="1" branch="False" />
            <line number="128" hits="1" branch="False" />
            <line number="130" hits="1" branch="False" />
            <line number="131" hits="1" branch="False" />
            <line number="133" hits="1" branch="False" />
            <line number="134" hits="1" branch="False" />
            <line number="135" hits="1" branch="False" />
            <line number="136" hits="7" branch="True" condition-coverage="100% (2/2)">
              <conditions>
                <condition number="95" type="jump" coverage="100%" />
              </conditions>
            </line>
            <line number="137" hits="6" branch="False" />
            <line number="138" hits="6" branch="False" />
            <line number="139" hits="6" branch="False" />
            <line number="140" hits="6" branch="False" />
            <line number="141" hits="1" branch="False" />
            <line number="143" hits="1" branch="False" />
            <line number="144" hits="1" branch="False" />
            <line number="145" hits="1" branch="False" />
            <line number="146" hits="12" branch="True" condition-coverage="100% (2/2)">
              <conditions>
                <condition number="164" type="jump" coverage="100%" />
              </conditions>
            </line>
            <line number="147" hits="11" branch="False" />
            <line number="148" hits="11" branch="False" />
            <line number="149" hits="11" branch="False" />
            <line number="150" hits="11" branch="False" />
            <line number="151" hits="1" branch="False" />
            <line number="152" hits="1" branch="False" />
          </lines>
        </class>
        <class name="OrderBot.Sqlite" filename="Models\Sqlite.cs" line-rate="1" branch-rate="1" complexity="3">
          <methods>
            <method name="GetConnection" signature="()" line-rate="1" branch-rate="1" complexity="2">
              <lines>
                <line number="19" hits="7" branch="False" />
                <line number="20" hits="7" branch="True" condition-coverage="100% (2/2)">
                  <conditions>
                    <condition number="11" type="jump" coverage="100%" />
                  </conditions>
                </line>
                <line number="21" hits="1" branch="False" />
                <line number="22" hits="1" branch="False" />
                <line number="23" hits="1" branch="False" />
                <line number="25" hits="6" branch="False" />
                <line number="26" hits="7" branch="False" />
              </lines>
            </method>
            <method name=".ctor" signature="()" line-rate="1" branch-rate="1" complexity="1">
              <lines>
                <line number="9" hits="1" branch="False" />
                <line number="10" hits="1" branch="False" />
                <line number="11" hits="1" branch="False" />
                <line number="12" hits="1" branch="False" />
                <line number="13" hits="1" branch="False" />
                <line number="14" hits="1" branch="False" />
              </lines>
            </method>
          </methods>
          <lines>
            <line number="19" hits="7" branch="False" />
            <line number="20" hits="7" branch="True" condition-coverage="100% (2/2)">
              <conditions>
                <condition number="11" type="jump" coverage="100%" />
              </conditions>
            </line>
            <line number="21" hits="1" branch="False" />
            <line number="22" hits="1" branch="False" />
            <line number="23" hits="1" branch="False" />
            <line number="25" hits="6" branch="False" />
            <line number="26" hits="7" branch="False" />
            <line number="9" hits="1" branch="False" />
            <line number="10" hits="1" branch="False" />
            <line number="11" hits="1" branch="False" />
            <line number="12" hits="1" branch="False" />
            <line number="13" hits="1" branch="False" />
            <line number="14" hits="1" branch="False" />
          </lines>
        </class>
        <class name="OrderBot.Status" filename="Models\Status.cs" line-rate="1" branch-rate="1" complexity="8">
          <methods>
            <method name="GetState" signature="(System.String,Microsoft.Data.Sqlite.SqliteConnection)" line-rate="1" branch-rate="1" complexity="1">
              <lines>
                <line number="21" hits="28" branch="False" />
                <line number="22" hits="28" branch="False" />
                <line number="23" hits="28" branch="False" />
                <line number="24" hits="28" branch="False" />
              </lines>
            </method>
            <method name="executeSQL" signature="(System.String,Microsoft.Data.Sqlite.SqliteConnection)" line-rate="1" branch-rate="1" complexity="2">
              <lines>
                <line number="27" hits="28" branch="False" />
                <line number="28" hits="28" branch="False" />
                <line number="29" hits="28" branch="False" />
                <line number="30" hits="28" branch="False" />
                <line number="31" hits="28" branch="True" condition-coverage="100% (2/2)">
                  <conditions>
                    <condition number="31" type="jump" coverage="100%" />
                  </conditions>
                </line>
                <line number="32" hits="28" branch="False" />
                <line number="33" hits="28" branch="False" />
                <line number="34" hits="28" branch="False" />
                <line number="35" hits="28" branch="False" />
                <line number="36" hits="28" branch="False" />
                <line number="37" hits="28" branch="False" />
                <line number="38" hits="28" branch="False" />
                <line number="39" hits="28" branch="False" />
              </lines>
            </method>
            <method name="nextState" signature="(Microsoft.Data.Sqlite.SqliteConnection,System.Boolean)" line-rate="1" branch-rate="1" complexity="2">
              <lines>
                <line number="42" hits="22" branch="False" />
                <line number="43" hits="42" branch="True" condition-coverage="100% (2/2)">
                  <conditions>
                    <condition number="4" type="jump" coverage="100%" />
                  </conditions>
                </line>
                <line number="44" hits="2" branch="False" />
                <line number="45" hits="22" branch="False" />
              </lines>
            </method>
            <method name="validValue" signature="(System.String)" line-rate="1" branch-rate="1" complexity="2">
              <lines>
                <line number="48" hits="25" branch="False" />
                <line number="49" hits="25" branch="True" condition-coverage="100% (2/2)">
                  <conditions>
                    <condition number="21" type="jump" coverage="100%" />
                  </conditions>
                </line>
                <line number="52" hits="17" branch="False" />
                <line number="53" hits="17" branch="False" />
                <line number="55" hits="8" branch="False" />
                <line number="57" hits="25" branch="False" />
              </lines>
            </method>
            <method name=".ctor" signature="(Microsoft.Data.Sqlite.SqliteConnection,System.String)" line-rate="1" branch-rate="1" complexity="1">
              <lines>
                <line number="15" hits="6" branch="False" />
                <line number="16" hits="6" branch="False" />
                <line number="17" hits="6" branch="False" />
                <line number="18" hits="6" branch="False" />
              </lines>
            </method>
          </methods>
          <lines>
            <line number="21" hits="28" branch="False" />
            <line number="22" hits="28" branch="False" />
            <line number="23" hits="28" branch="False" />
            <line number="24" hits="28" branch="False" />
            <line number="27" hits="28" branch="False" />
            <line number="28" hits="28" branch="False" />
            <line number="29" hits="28" branch="False" />
            <line number="30" hits="28" branch="False" />
            <line number="31" hits="28" branch="True" condition-coverage="100% (2/2)">
              <conditions>
                <condition number="31" type="jump" coverage="100%" />
              </conditions>
            </line>
            <line number="32" hits="28" branch="False" />
            <line number="33" hits="28" branch="False" />
            <line number="34" hits="28" branch="False" />
            <line number="35" hits="28" branch="False" />
            <line number="36" hits="28" branch="False" />
            <line number="37" hits="28" branch="False" />
            <line number="38" hits="28" branch="False" />
            <line number="39" hits="28" branch="False" />
            <line number="42" hits="22" branch="False" />
            <line number="43" hits="42" branch="True" condition-coverage="100% (2/2)">
              <conditions>
                <condition number="4" type="jump" coverage="100%" />
              </conditions>
            </line>
            <line number="44" hits="2" branch="False" />
            <line number="45" hits="22" branch="False" />
            <line number="48" hits="25" branch="False" />
            <line number="49" hits="25" branch="True" condition-coverage="100% (2/2)">
              <conditions>
                <condition number="21" type="jump" coverage="100%" />
              </conditions>
            </line>
            <line number="52" hits="17" branch="False" />
            <line number="53" hits="17" branch="False" />
            <line number="55" hits="8" branch="False" />
            <line number="57" hits="25" branch="False" />
            <line number="15" hits="6" branch="False" />
            <line number="16" hits="6" branch="False" />
            <line number="17" hits="6" branch="False" />
            <line number="18" hits="6" branch="False" />
          </lines>
        </class>
        <class name="OrderBot.Order" filename="Order.cs" line-rate="0.9833" branch-rate="0.98" complexity="52">
          <methods>
            <method name="getStatus" signature="(System.Boolean)" line-rate="1" branch-rate="1" complexity="1">
              <lines>
                <line number="23" hits="22" branch="False" />
                <line number="24" hits="22" branch="False" />
                <line number="25" hits="22" branch="False" />
                <line number="26" hits="22" branch="False" />
              </lines>
            </method>
            <method name="OnMessage" signature="(System.String)" line-rate="0.98" branch-rate="0.98" complexity="50">
              <lines>
                <line number="29" hits="31" branch="False" />
                <line number="30" hits="31" branch="False" />
                <line number="32" hits="31" branch="True" condition-coverage="100% (2/2)">
                  <conditions>
                    <condition number="20" type="jump" coverage="100%" />
                  </conditions>
                </line>
                <line number="33" hits="6" branch="False" />
                <line number="35" hits="6" branch="False" />
                <line number="36" hits="6" branch="False" />
                <line number="37" hits="6" branch="False" />
                <line number="38" hits="6" branch="False" />
                <line number="40" hits="25" branch="False" />
                <line number="41" hits="28" branch="True" condition-coverage="100% (2/2)">
                  <conditions>
                    <condition number="93" type="jump" coverage="100%" />
                  </conditions>
                </line>
                <line number="44" hits="36" branch="True" condition-coverage="100% (2/2)">
                  <conditions>
                    <condition number="138" type="jump" coverage="100%" />
                  </conditions>
                </line>
                <line number="45" hits="8" branch="False" />
                <line number="47" hits="22" branch="True" condition-coverage="100% (12/12)">
                  <conditions>
                    <condition number="185" type="jump" coverage="100%" />
                    <condition number="199" type="jump" coverage="100%" />
                    <condition number="216" type="jump" coverage="100%" />
                    <condition number="233" type="jump" coverage="100%" />
                    <condition number="250" type="jump" coverage="100%" />
                    <condition number="267" type="jump" coverage="100%" />
                  </conditions>
                </line>
                <line number="50" hits="3" branch="True" condition-coverage="100% (2/2)">
                  <conditions>
                    <condition number="288" type="jump" coverage="100%" />
                  </conditions>
                </line>
                <line number="51" hits="3" branch="False" />
                <line number="52" hits="18" branch="True" condition-coverage="100% (2/2)">
                  <conditions>
                    <condition number="478" type="jump" coverage="100%" />
                  </conditions>
                </line>
                <line number="53" hits="6" branch="False" />
                <line number="54" hits="6" branch="False" />
                <line number="55" hits="6" branch="False" />
                <line number="56" hits="6" branch="False" />
                <line number="57" hits="3" branch="False" />
                <line number="59" hits="4" branch="True" condition-coverage="100% (2/2)">
                  <conditions>
                    <condition number="496" type="jump" coverage="100%" />
                  </conditions>
                </line>
                <line number="60" hits="4" branch="False" />
                <line number="62" hits="5" branch="True" condition-coverage="100% (2/2)">
                  <conditions>
                    <condition number="578" type="jump" coverage="100%" />
                  </conditions>
                </line>
                <line number="63" hits="5" branch="False" />
                <line number="65" hits="2" branch="True" condition-coverage="100% (14/14)">
                  <conditions>
                    <condition number="654" type="jump" coverage="100%" />
                    <condition number="741" type="jump" coverage="100%" />
                    <condition number="811" type="jump" coverage="100%" />
                    <condition number="821" type="jump" coverage="100%" />
                    <condition number="889" type="jump" coverage="100%" />
                    <condition number="969" type="jump" coverage="100%" />
                    <condition number="1066" type="jump" coverage="100%" />
                  </conditions>
                </line>
                <line number="66" hits="1" branch="False" />
                <line number="68" hits="8" branch="True" condition-coverage="100% (2/2)">
                  <conditions>
                    <condition number="1178" type="jump" coverage="100%" />
                  </conditions>
                </line>
                <line number="69" hits="3" branch="False" />
                <line number="70" hits="3" branch="False" />
                <line number="71" hits="3" branch="False" />
                <line number="72" hits="3" branch="False" />
                <line number="73" hits="1" branch="False" />
                <line number="74" hits="1" branch="False" />
                <line number="75" hits="1" branch="False" />
                <line number="77" hits="1" branch="False" />
                <line number="78" hits="1" branch="True" condition-coverage="100% (6/6)">
                  <conditions>
                    <condition number="1212" type="jump" coverage="100%" />
                    <condition number="1272" type="jump" coverage="100%" />
                    <condition number="1359" type="jump" coverage="100%" />
                  </conditions>
                </line>
                <line number="79" hits="1" branch="False" />
                <line number="80" hits="1" branch="False" />
                <line number="81" hits="2" branch="False" />
                <line number="83" hits="2" branch="True" condition-coverage="50% (1/2)">
                  <conditions>
                    <condition number="1500" type="jump" coverage="50%" />
                  </conditions>
                </line>
                <line number="84" hits="0" branch="False" />
                <line number="85" hits="1" branch="False" />
                <line number="87" hits="1" branch="False" />
                <line number="88" hits="1" branch="False" />
                <line number="91" hits="22" branch="False" />
                <line number="92" hits="22" branch="False" />
                <line number="93" hits="22" branch="False" />
                <line number="94" hits="22" branch="False" />
                <line number="95" hits="31" branch="False" />
              </lines>
            </method>
            <method name=".ctor" signature="(Microsoft.Data.Sqlite.SqliteConnection)" line-rate="1" branch-rate="1" complexity="1">
              <lines>
                <line number="10" hits="6" branch="False" />
                <line number="16" hits="6" branch="False" />
                <line number="17" hits="6" branch="False" />
                <line number="18" hits="6" branch="False" />
                <line number="19" hits="6" branch="False" />
                <line number="20" hits="6" branch="False" />
              </lines>
            </method>
          </methods>
          <lines>
            <line number="23" hits="22" branch="False" />
            <line number="24" hits="22" branch="False" />
            <line number="25" hits="22" branch="False" />
            <line number="26" hits="22" branch="False" />
            <line number="29" hits="31" branch="False" />
            <line number="30" hits="31" branch="False" />
            <line number="32" hits="31" branch="True" condition-coverage="100% (2/2)">
              <conditions>
                <condition number="20" type="jump" coverage="100%" />
              </conditions>
            </line>
            <line number="33" hits="6" branch="False" />
            <line number="35" hits="6" branch="False" />
            <line number="36" hits="6" branch="False" />
            <line number="37" hits="6" branch="False" />
            <line number="38" hits="6" branch="False" />
            <line number="40" hits="25" branch="False" />
            <line number="41" hits="28" branch="True" condition-coverage="100% (2/2)">
              <conditions>
                <condition number="93" type="jump" coverage="100%" />
              </conditions>
            </line>
            <line number="44" hits="36" branch="True" condition-coverage="100% (2/2)">
              <conditions>
                <condition number="138" type="jump" coverage="100%" />
              </conditions>
            </line>
            <line number="45" hits="8" branch="False" />
            <line number="47" hits="22" branch="True" condition-coverage="100% (12/12)">
              <conditions>
                <condition number="185" type="jump" coverage="100%" />
                <condition number="199" type="jump" coverage="100%" />
                <condition number="216" type="jump" coverage="100%" />
                <condition number="233" type="jump" coverage="100%" />
                <condition number="250" type="jump" coverage="100%" />
                <condition number="267" type="jump" coverage="100%" />
              </conditions>
            </line>
            <line number="50" hits="3" branch="True" condition-coverage="100% (2/2)">
              <conditions>
                <condition number="288" type="jump" coverage="100%" />
              </conditions>
            </line>
            <line number="51" hits="3" branch="False" />
            <line number="52" hits="18" branch="True" condition-coverage="100% (2/2)">
              <conditions>
                <condition number="478" type="jump" coverage="100%" />
              </conditions>
            </line>
            <line number="53" hits="6" branch="False" />
            <line number="54" hits="6" branch="False" />
            <line number="55" hits="6" branch="False" />
            <line number="56" hits="6" branch="False" />
            <line number="57" hits="3" branch="False" />
            <line number="59" hits="4" branch="True" condition-coverage="100% (2/2)">
              <conditions>
                <condition number="496" type="jump" coverage="100%" />
              </conditions>
            </line>
            <line number="60" hits="4" branch="False" />
            <line number="62" hits="5" branch="True" condition-coverage="100% (2/2)">
              <conditions>
                <condition number="578" type="jump" coverage="100%" />
              </conditions>
            </line>
            <line number="63" hits="5" branch="False" />
            <line number="65" hits="2" branch="True" condition-coverage="100% (14/14)">
              <conditions>
                <condition number="654" type="jump" coverage="100%" />
                <condition number="741" type="jump" coverage="100%" />
                <condition number="811" type="jump" coverage="100%" />
                <condition number="821" type="jump" coverage="100%" />
                <condition number="889" type="jump" coverage="100%" />
                <condition number="969" type="jump" coverage="100%" />
                <condition number="1066" type="jump" coverage="100%" />
              </conditions>
            </line>
            <line number="66" hits="1" branch="False" />
            <line number="68" hits="8" branch="True" condition-coverage="100% (2/2)">
              <conditions>
                <condition number="1178" type="jump" coverage="100%" />
              </conditions>
            </line>
            <line number="69" hits="3" branch="False" />
            <line number="70" hits="3" branch="False" />
            <line number="71" hits="3" branch="False" />
            <line number="72" hits="3" branch="False" />
            <line number="73" hits="1" branch="False" />
            <line number="74" hits="1" branch="False" />
            <line number="75" hits="1" branch="False" />
            <line number="77" hits="1" branch="False" />
            <line number="78" hits="1" branch="True" condition-coverage="100% (6/6)">
              <conditions>
                <condition number="1212" type="jump" coverage="100%" />
                <condition number="1272" type="jump" coverage="100%" />
                <condition number="1359" type="jump" coverage="100%" />
              </conditions>
            </line>
            <line number="79" hits="1" branch="False" />
            <line number="80" hits="1" branch="False" />
            <line number="81" hits="2" branch="False" />
            <line number="83" hits="2" branch="True" condition-coverage="50% (1/2)">
              <conditions>
                <condition number="1500" type="jump" coverage="50%" />
              </conditions>
            </line>
            <line number="84" hits="0" branch="False" />
            <line number="85" hits="1" branch="False" />
            <line number="87" hits="1" branch="False" />
            <line number="88" hits="1" branch="False" />
            <line number="91" hits="22" branch="False" />
            <line number="92" hits="22" branch="False" />
            <line number="93" hits="22" branch="False" />
            <line number="94" hits="22" branch="False" />
            <line number="95" hits="31" branch="False" />
            <line number="10" hits="6" branch="False" />
            <line number="16" hits="6" branch="False" />
            <line number="17" hits="6" branch="False" />
            <line number="18" hits="6" branch="False" />
            <line number="19" hits="6" branch="False" />
            <line number="20" hits="6" branch="False" />
          </lines>
        </class>
      </classes>
    </package>
  </packages>
</coverage>